0 verbose cli /opt/nodejs/node-v20.5.0-linux-x64/bin/node /opt/nodejs/node/bin/npm
1 info using npm@9.8.1
2 info using node@v20.5.0
3 timing npm:load:whichnode Completed in 8ms
4 timing config:load:defaults Completed in 0ms
5 timing config:load:file:/opt/nodejs/node-v20.5.0-linux-x64/lib/node_modules/npm/npmrc Completed in 1ms
6 timing config:load:builtin Completed in 1ms
7 timing config:load:cli Completed in 1ms
8 timing config:load:env Completed in 0ms
9 timing config:load:file:/home/kangbus0109/PLC_test/.npmrc Completed in 0ms
10 timing config:load:project Completed in 1ms
11 timing config:load:file:/home/kangbus0109/.npmrc Completed in 0ms
12 timing config:load:user Completed in 0ms
13 timing config:load:file:/opt/nodejs/node-v20.5.0-linux-x64/etc/npmrc Completed in 0ms
14 timing config:load:global Completed in 0ms
15 timing config:load:setEnvs Completed in 0ms
16 timing config:load Completed in 3ms
17 timing npm:load:configload Completed in 4ms
18 timing config:load:flatten Completed in 1ms
19 timing npm:load:mkdirpcache Completed in 1ms
20 timing npm:load:mkdirplogs Completed in 1ms
21 verbose title npm i supervisor
22 verbose argv "i" "supervisor"
23 timing npm:load:setTitle Completed in 0ms
24 timing npm:load:display Completed in 0ms
25 verbose logfile logs-max:10 dir:/home/kangbus0109/.npm/_logs/2023-08-16T05_22_07_085Z-
26 verbose logfile /home/kangbus0109/.npm/_logs/2023-08-16T05_22_07_085Z-debug-0.log
27 timing npm:load:logFile Completed in 6ms
28 timing npm:load:timers Completed in 0ms
29 timing npm:load:configScope Completed in 0ms
30 timing npm:load Completed in 29ms
31 timing arborist:ctor Completed in 0ms
32 silly logfile start cleaning logs, removing 1 files
33 timing idealTree:init Completed in 59ms
34 timing idealTree:userRequests Completed in 0ms
35 silly idealTree buildDeps
36 silly fetch manifest supervisor@*
37 silly logfile done cleaning log files
38 timing arborist:ctor Completed in 0ms
