0 verbose cli /opt/nodejs/node-v20.5.0-linux-x64/bin/node /opt/nodejs/node/bin/npm
1 info using npm@9.8.0
2 info using node@v20.5.0
3 timing npm:load:whichnode Completed in 1ms
4 timing config:load:defaults Completed in 1ms
5 timing config:load:file:/opt/nodejs/node-v20.5.0-linux-x64/lib/node_modules/npm/npmrc Completed in 0ms
6 timing config:load:builtin Completed in 0ms
7 timing config:load:cli Completed in 1ms
8 timing config:load:env Completed in 0ms
9 timing config:load:file:/home/kangbus0109/PLC_test/.npmrc Completed in 0ms
10 timing config:load:project Completed in 1ms
11 timing config:load:file:/home/kangbus0109/.npmrc Completed in 0ms
12 timing config:load:user Completed in 0ms
13 timing config:load:file:/opt/nodejs/node-v20.5.0-linux-x64/etc/npmrc Completed in 0ms
14 timing config:load:global Completed in 0ms
15 timing config:load:setEnvs Completed in 1ms
16 timing config:load Completed in 4ms
17 timing npm:load:configload Completed in 4ms
18 timing config:load:flatten Completed in 0ms
19 timing npm:load:mkdirpcache Completed in 0ms
20 timing npm:load:mkdirplogs Completed in 0ms
21 verbose title npm install modbus-serial
22 verbose argv "install" "modbus-serial"
23 timing npm:load:setTitle Completed in 1ms
24 timing npm:load:display Completed in 0ms
25 verbose logfile logs-max:10 dir:/home/kangbus0109/.npm/_logs/2023-08-08T00_01_36_893Z-
26 verbose logfile /home/kangbus0109/.npm/_logs/2023-08-08T00_01_36_893Z-debug-0.log
27 timing npm:load:logFile Completed in 4ms
28 timing npm:load:timers Completed in 0ms
29 timing npm:load:configScope Completed in 0ms
30 timing npm:load Completed in 22ms
31 timing arborist:ctor Completed in 1ms
32 silly logfile done cleaning log files
33 timing idealTree:init Completed in 30ms
34 timing idealTree:userRequests Completed in 1ms
35 silly idealTree buildDeps
36 silly fetch manifest modbus-serial@*
37 timing arborist:ctor Completed in 0ms
38 http fetch GET 200 https://registry.npmjs.org/modbus-serial 17ms (cache hit)
39 silly placeDep ROOT modbus-serial@8.0.11 OK for: plc_test@1.0.0 want: *
40 silly fetch manifest debug@^4.1.1
41 silly fetch manifest serialport@^10.4.0
42 http fetch GET 200 https://registry.npmjs.org/debug 77ms (cache revalidated)
43 http fetch GET 200 https://registry.npmjs.org/serialport 266ms (cache revalidated)
44 timing idealTree:#root Completed in 290ms
45 silly placeDep node_modules/modbus-serial debug@4.3.4 OK for: modbus-serial@8.0.11 want: ^4.1.1
46 silly fetch manifest ms@2.1.2
47 silly placeDep ROOT serialport@10.5.0 OK for: modbus-serial@8.0.11 want: ^10.4.0
48 silly fetch manifest @serialport/binding-mock@10.2.2
49 silly fetch manifest @serialport/bindings-cpp@10.8.0
50 silly fetch manifest @serialport/parser-byte-length@10.5.0
51 silly fetch manifest @serialport/parser-cctalk@10.5.0
52 silly fetch manifest @serialport/parser-delimiter@10.5.0
53 silly fetch manifest @serialport/parser-inter-byte-timeout@10.5.0
54 silly fetch manifest @serialport/parser-packet-length@10.5.0
55 silly fetch manifest @serialport/parser-readline@10.5.0
56 silly fetch manifest @serialport/parser-ready@10.5.0
57 silly fetch manifest @serialport/parser-regex@10.5.0
58 silly fetch manifest @serialport/parser-slip-encoder@10.5.0
59 silly fetch manifest @serialport/parser-spacepacket@10.5.0
60 silly fetch manifest @serialport/stream@10.5.0
61 silly fetch manifest debug@^4.3.3
62 http fetch GET 200 https://registry.npmjs.org/ms 62ms (cache revalidated)
63 http fetch GET 200 https://registry.npmjs.org/@serialport%2fparser-delimiter 344ms (cache revalidated)
64 http fetch GET 200 https://registry.npmjs.org/@serialport%2fparser-readline 720ms (cache revalidated)
65 http fetch GET 200 https://registry.npmjs.org/@serialport%2fbindings-cpp 732ms (cache revalidated)
66 http fetch GET 200 https://registry.npmjs.org/@serialport%2fparser-cctalk 1205ms (cache revalidated)
67 http fetch GET 200 https://registry.npmjs.org/@serialport%2fparser-slip-encoder 1214ms (cache revalidated)
68 http fetch GET 200 https://registry.npmjs.org/@serialport%2fstream 1241ms (cache revalidated)
69 http fetch GET 200 https://registry.npmjs.org/@serialport%2fparser-packet-length 1244ms (cache revalidated)
70 http fetch GET 200 https://registry.npmjs.org/@serialport%2fparser-spacepacket 1244ms (cache revalidated)
71 http fetch GET 200 https://registry.npmjs.org/@serialport%2fparser-ready 1245ms (cache revalidated)
72 http fetch GET 200 https://registry.npmjs.org/@serialport%2fparser-byte-length 1251ms (cache revalidated)
73 http fetch GET 200 https://registry.npmjs.org/@serialport%2fbinding-mock 1272ms (cache revalidated)
74 http fetch GET 200 https://registry.npmjs.org/@serialport%2fparser-inter-byte-timeout 1717ms (cache revalidated)
75 http fetch GET 200 https://registry.npmjs.org/@serialport%2fparser-regex 2187ms (cache revalidated)
76 timing idealTree:node_modules/modbus-serial Completed in 2194ms
77 silly placeDep ROOT @serialport/binding-mock@10.2.2 OK for: serialport@10.5.0 want: 10.2.2
78 silly fetch manifest @serialport/bindings-interface@^1.2.1
79 silly placeDep ROOT @serialport/bindings-cpp@10.8.0 OK for: serialport@10.5.0 want: 10.8.0
80 silly fetch manifest @serialport/bindings-interface@1.2.2
81 silly fetch manifest @serialport/parser-readline@^10.2.1
82 silly fetch manifest debug@^4.3.2
83 silly fetch manifest node-addon-api@^5.0.0
84 silly fetch manifest node-gyp-build@^4.3.0
85 silly placeDep ROOT @serialport/parser-byte-length@10.5.0 OK for: serialport@10.5.0 want: 10.5.0
86 silly placeDep ROOT @serialport/parser-cctalk@10.5.0 OK for: serialport@10.5.0 want: 10.5.0
87 silly placeDep ROOT @serialport/parser-delimiter@10.5.0 OK for: serialport@10.5.0 want: 10.5.0
88 silly placeDep ROOT @serialport/parser-inter-byte-timeout@10.5.0 OK for: serialport@10.5.0 want: 10.5.0
89 silly placeDep ROOT @serialport/parser-packet-length@10.5.0 OK for: serialport@10.5.0 want: 10.5.0
90 silly placeDep ROOT @serialport/parser-readline@10.5.0 OK for: serialport@10.5.0 want: 10.5.0
91 silly placeDep ROOT @serialport/parser-ready@10.5.0 OK for: serialport@10.5.0 want: 10.5.0
92 silly placeDep ROOT @serialport/parser-regex@10.5.0 OK for: serialport@10.5.0 want: 10.5.0
93 silly placeDep ROOT @serialport/parser-slip-encoder@10.5.0 OK for: serialport@10.5.0 want: 10.5.0
94 silly placeDep ROOT @serialport/parser-spacepacket@10.5.0 OK for: serialport@10.5.0 want: 10.5.0
95 silly placeDep ROOT @serialport/stream@10.5.0 OK for: serialport@10.5.0 want: 10.5.0
96 silly placeDep node_modules/serialport debug@4.3.4 OK for: serialport@10.5.0 want: ^4.3.3
97 http fetch GET 200 https://registry.npmjs.org/node-addon-api 39ms (cache revalidated)
98 http fetch GET 200 https://registry.npmjs.org/node-gyp-build 40ms (cache revalidated)
99 http fetch GET 200 https://registry.npmjs.org/@serialport%2fbindings-interface 1266ms (cache revalidated)
100 http fetch GET 200 https://registry.npmjs.org/@serialport%2fbindings-interface 1728ms (cache revalidated)
101 timing idealTree:node_modules/serialport Completed in 1732ms
102 silly placeDep ROOT @serialport/bindings-interface@1.2.2 OK for: @serialport/binding-mock@10.2.2 want: ^1.2.1
103 silly placeDep node_modules/@serialport/binding-mock debug@4.3.4 OK for: @serialport/binding-mock@10.2.2 want: ^4.3.3
104 timing idealTree:node_modules/@serialport/binding-mock Completed in 1ms
105 silly placeDep node_modules/@serialport/bindings-cpp debug@4.3.4 OK for: @serialport/bindings-cpp@10.8.0 want: ^4.3.2
106 silly placeDep ROOT node-addon-api@5.1.0 OK for: @serialport/bindings-cpp@10.8.0 want: ^5.0.0
107 silly placeDep ROOT node-gyp-build@4.6.0 OK for: @serialport/bindings-cpp@10.8.0 want: ^4.3.0
108 timing idealTree:node_modules/@serialport/bindings-cpp Completed in 2ms
109 timing idealTree:node_modules/@serialport/bindings-interface Completed in 0ms
110 timing idealTree:node_modules/@serialport/parser-byte-length Completed in 0ms
111 timing idealTree:node_modules/@serialport/parser-cctalk Completed in 0ms
112 timing idealTree:node_modules/@serialport/parser-delimiter Completed in 0ms
113 timing idealTree:node_modules/@serialport/parser-inter-byte-timeout Completed in 0ms
114 timing idealTree:node_modules/@serialport/parser-packet-length Completed in 0ms
115 timing idealTree:node_modules/@serialport/parser-readline Completed in 0ms
116 timing idealTree:node_modules/@serialport/parser-ready Completed in 0ms
117 timing idealTree:node_modules/@serialport/parser-regex Completed in 0ms
118 timing idealTree:node_modules/@serialport/parser-slip-encoder Completed in 0ms
119 timing idealTree:node_modules/@serialport/parser-spacepacket Completed in 0ms
120 silly placeDep node_modules/@serialport/stream debug@4.3.4 OK for: @serialport/stream@10.5.0 want: ^4.3.2
121 timing idealTree:node_modules/@serialport/stream Completed in 1ms
122 timing idealTree:node_modules/node-addon-api Completed in 0ms
123 timing idealTree:node_modules/node-gyp-build Completed in 0ms
124 silly placeDep node_modules/@serialport/binding-mock ms@2.1.2 OK for: debug@4.3.4 want: 2.1.2
125 timing idealTree:node_modules/@serialport/binding-mock/node_modules/debug Completed in 1ms
126 timing idealTree:node_modules/@serialport/binding-mock/node_modules/ms Completed in 0ms
127 silly placeDep node_modules/@serialport/bindings-cpp ms@2.1.2 OK for: debug@4.3.4 want: 2.1.2
128 timing idealTree:node_modules/@serialport/bindings-cpp/node_modules/debug Completed in 1ms
129 timing idealTree:node_modules/@serialport/bindings-cpp/node_modules/ms Completed in 0ms
130 silly placeDep node_modules/@serialport/stream ms@2.1.2 OK for: debug@4.3.4 want: 2.1.2
131 timing idealTree:node_modules/@serialport/stream/node_modules/debug Completed in 1ms
132 timing idealTree:node_modules/@serialport/stream/node_modules/ms Completed in 0ms
133 silly placeDep node_modules/modbus-serial ms@2.1.2 OK for: debug@4.3.4 want: 2.1.2
134 timing idealTree:node_modules/modbus-serial/node_modules/debug Completed in 0ms
135 timing idealTree:node_modules/modbus-serial/node_modules/ms Completed in 0ms
136 silly placeDep node_modules/serialport ms@2.1.2 OK for: debug@4.3.4 want: 2.1.2
137 timing idealTree:node_modules/serialport/node_modules/debug Completed in 1ms
138 timing idealTree:node_modules/serialport/node_modules/ms Completed in 0ms
139 timing idealTree:buildDeps Completed in 4226ms
140 timing idealTree:fixDepFlags Completed in 3ms
141 timing idealTree Completed in 4261ms
142 timing reify:loadTrees Completed in 4261ms
143 timing reify:diffTrees Completed in 2ms
144 silly reify moves {}
145 timing reify:retireShallow Completed in 1ms
146 timing reify:createSparse Completed in 3ms
147 timing reify:loadBundles Completed in 0ms
148 silly audit bulk request {
148 silly audit   '@babel/helper-string-parser': [ '7.22.5' ],
148 silly audit   '@babel/helper-validator-identifier': [ '7.22.5' ],
148 silly audit   '@babel/parser': [ '7.22.7' ],
148 silly audit   '@babel/types': [ '7.22.5' ],
148 silly audit   accepts: [ '1.3.8' ],
148 silly audit   acorn: [ '7.4.1' ],
148 silly audit   anymatch: [ '3.1.3' ],
148 silly audit   'array-flatten': [ '1.1.1' ],
148 silly audit   asap: [ '2.0.6' ],
148 silly audit   'assert-never': [ '1.2.1' ],
148 silly audit   'babel-walk': [ '3.0.0-canary-5' ],
148 silly audit   'binary-extensions': [ '2.2.0' ],
148 silly audit   'body-parser': [ '1.20.1' ],
148 silly audit   braces: [ '3.0.2' ],
148 silly audit   bytes: [ '3.1.2' ],
148 silly audit   'call-bind': [ '1.0.2' ],
148 silly audit   'character-parser': [ '2.2.0' ],
148 silly audit   chokidar: [ '3.5.3' ],
148 silly audit   constantinople: [ '4.0.1' ],
148 silly audit   'content-disposition': [ '0.5.4' ],
148 silly audit   'content-type': [ '1.0.5' ],
148 silly audit   cookie: [ '0.5.0' ],
148 silly audit   'cookie-signature': [ '1.0.6' ],
148 silly audit   debug: [ '2.6.9', '4.3.4' ],
148 silly audit   depd: [ '2.0.0' ],
148 silly audit   destroy: [ '1.2.0' ],
148 silly audit   doctypes: [ '1.1.0' ],
148 silly audit   'ee-first': [ '1.1.1' ],
148 silly audit   encodeurl: [ '1.0.2' ],
148 silly audit   'escape-html': [ '1.0.3' ],
148 silly audit   etag: [ '1.8.1' ],
148 silly audit   express: [ '4.18.2' ],
148 silly audit   'fill-range': [ '7.0.1' ],
148 silly audit   finalhandler: [ '1.2.0' ],
148 silly audit   forwarded: [ '0.2.0' ],
148 silly audit   fresh: [ '0.5.2' ],
148 silly audit   fsevents: [ '2.3.2' ],
148 silly audit   'function-bind': [ '1.1.1' ],
148 silly audit   'get-intrinsic': [ '1.2.1' ],
148 silly audit   'glob-parent': [ '5.1.2' ],
148 silly audit   has: [ '1.0.3' ],
148 silly audit   'has-proto': [ '1.0.1' ],
148 silly audit   'has-symbols': [ '1.0.3' ],
148 silly audit   'has-tostringtag': [ '1.0.0' ],
148 silly audit   'http-errors': [ '2.0.0' ],
148 silly audit   'iconv-lite': [ '0.4.24' ],
148 silly audit   immutable: [ '4.3.2' ],
148 silly audit   inherits: [ '2.0.4' ],
148 silly audit   'ipaddr.js': [ '1.9.1' ],
148 silly audit   'is-binary-path': [ '2.1.0' ],
148 silly audit   'is-core-module': [ '2.13.0' ],
148 silly audit   'is-expression': [ '4.0.0' ],
148 silly audit   'is-extglob': [ '2.1.1' ],
148 silly audit   'is-glob': [ '4.0.3' ],
148 silly audit   'is-number': [ '7.0.0' ],
148 silly audit   'is-promise': [ '2.2.2' ],
148 silly audit   'is-regex': [ '1.1.4' ],
148 silly audit   'js-stringify': [ '1.0.2' ],
148 silly audit   jstransformer: [ '1.0.0' ],
148 silly audit   'media-typer': [ '0.3.0' ],
148 silly audit   'merge-descriptors': [ '1.0.1' ],
148 silly audit   methods: [ '1.1.2' ],
148 silly audit   mime: [ '1.6.0' ],
148 silly audit   'mime-db': [ '1.52.0' ],
148 silly audit   'mime-types': [ '2.1.35' ],
148 silly audit   ms: [ '2.0.0', '2.1.3', '2.1.2' ],
148 silly audit   negotiator: [ '0.6.3' ],
148 silly audit   net: [ '1.0.2' ],
148 silly audit   'node.js': [ '0.0.1-security' ],
148 silly audit   'normalize-path': [ '3.0.0' ],
148 silly audit   'object-assign': [ '4.1.1' ],
148 silly audit   'object-inspect': [ '1.12.3' ],
148 silly audit   'on-finished': [ '2.4.1' ],
148 silly audit   parseurl: [ '1.3.3' ],
148 silly audit   'path-parse': [ '1.0.7' ],
148 silly audit   'path-to-regexp': [ '0.1.7' ],
148 silly audit   picomatch: [ '2.3.1' ],
148 silly audit   promise: [ '7.3.1' ],
148 silly audit   'proxy-addr': [ '2.0.7' ],
148 silly audit   pug: [ '3.0.2' ],
148 silly audit   'pug-attrs': [ '3.0.0' ],
148 silly audit   'pug-code-gen': [ '3.0.2' ],
148 silly audit   'pug-error': [ '2.0.0' ],
148 silly audit   'pug-filters': [ '4.0.0' ],
148 silly audit   'pug-lexer': [ '5.0.1' ],
148 silly audit   'pug-linker': [ '4.0.0' ],
148 silly audit   'pug-load': [ '3.0.0' ],
148 silly audit   'pug-parser': [ '6.0.0' ],
148 silly audit   'pug-runtime': [ '3.0.1' ],
148 silly audit   'pug-strip-comments': [ '2.0.0' ],
148 silly audit   'pug-walk': [ '2.0.0' ],
148 silly audit   qs: [ '6.11.0' ],
148 silly audit   'range-parser': [ '1.2.1' ],
148 silly audit   'raw-body': [ '2.5.1' ],
148 silly audit   readdirp: [ '3.6.0' ],
148 silly audit   resolve: [ '1.22.4' ],
148 silly audit   'safe-buffer': [ '5.2.1' ],
148 silly audit   'safer-buffer': [ '2.1.2' ],
148 silly audit   sass: [ '1.64.2' ],
148 silly audit   send: [ '0.18.0' ],
148 silly audit   'serve-static': [ '1.15.0' ],
148 silly audit   setprototypeof: [ '1.2.0' ],
148 silly audit   'side-channel': [ '1.0.4' ],
148 silly audit   'source-map-js': [ '1.0.2' ],
148 silly audit   statuses: [ '2.0.1' ],
148 silly audit   'supports-preserve-symlinks-flag': [ '1.0.0' ],
148 silly audit   'to-fast-properties': [ '2.0.0' ],
148 silly audit   'to-regex-range': [ '5.0.1' ],
148 silly audit   toidentifier: [ '1.0.1' ],
148 silly audit   'token-stream': [ '1.0.0' ],
148 silly audit   'type-is': [ '1.6.18' ],
148 silly audit   unpipe: [ '1.0.0' ],
148 silly audit   'utils-merge': [ '1.0.1' ],
148 silly audit   vary: [ '1.1.2' ],
148 silly audit   'void-elements': [ '3.1.0' ],
148 silly audit   with: [ '7.0.2' ],
148 silly audit   ws: [ '8.13.0' ],
148 silly audit   'modbus-serial': [ '8.0.11' ],
148 silly audit   serialport: [ '10.5.0' ],
148 silly audit   '@serialport/binding-mock': [ '10.2.2' ],
148 silly audit   '@serialport/bindings-cpp': [ '10.8.0' ],
148 silly audit   '@serialport/parser-byte-length': [ '10.5.0' ],
148 silly audit   '@serialport/parser-cctalk': [ '10.5.0' ],
148 silly audit   '@serialport/parser-delimiter': [ '10.5.0' ],
148 silly audit   '@serialport/parser-inter-byte-timeout': [ '10.5.0' ],
148 silly audit   '@serialport/parser-packet-length': [ '10.5.0' ],
148 silly audit   '@serialport/parser-readline': [ '10.5.0' ],
148 silly audit   '@serialport/parser-ready': [ '10.5.0' ],
148 silly audit   '@serialport/parser-regex': [ '10.5.0' ],
148 silly audit   '@serialport/parser-slip-encoder': [ '10.5.0' ],
148 silly audit   '@serialport/parser-spacepacket': [ '10.5.0' ],
148 silly audit   '@serialport/stream': [ '10.5.0' ],
148 silly audit   '@serialport/bindings-interface': [ '1.2.2' ],
148 silly audit   'node-addon-api': [ '5.1.0' ],
148 silly audit   'node-gyp-build': [ '4.6.0' ]
148 silly audit }
149 verbose reify failed optional dependency /home/kangbus0109/PLC_test/node_modules/fsevents
150 silly reify mark deleted [ '/home/kangbus0109/PLC_test/node_modules/fsevents' ]
151 timing reifyNode:node_modules/fsevents Completed in 5ms
152 timing reifyNode:node_modules/@serialport/stream/node_modules/ms Completed in 61ms
153 timing reifyNode:node_modules/@serialport/bindings-cpp/node_modules/ms Completed in 60ms
154 timing reifyNode:node_modules/@serialport/binding-mock/node_modules/ms Completed in 60ms
155 timing reifyNode:node_modules/serialport/node_modules/ms Completed in 61ms
156 timing reifyNode:node_modules/modbus-serial/node_modules/ms Completed in 61ms
157 timing reifyNode:node_modules/@serialport/parser-readline Completed in 62ms
158 timing reifyNode:node_modules/@serialport/parser-regex Completed in 63ms
159 timing reifyNode:node_modules/@serialport/parser-ready Completed in 63ms
160 timing reifyNode:node_modules/@serialport/parser-inter-byte-timeout Completed in 62ms
161 timing reifyNode:node_modules/@serialport/parser-packet-length Completed in 62ms
162 timing reifyNode:node_modules/@serialport/parser-delimiter Completed in 63ms
163 timing reifyNode:node_modules/@serialport/parser-cctalk Completed in 63ms
164 timing reifyNode:node_modules/@serialport/parser-byte-length Completed in 63ms
165 timing reifyNode:node_modules/node-gyp-build Completed in 64ms
166 timing reifyNode:node_modules/@serialport/bindings-interface Completed in 64ms
167 timing reifyNode:node_modules/@serialport/parser-spacepacket Completed in 64ms
168 timing reifyNode:node_modules/@serialport/binding-mock Completed in 64ms
169 timing reifyNode:node_modules/@serialport/stream Completed in 65ms
170 timing reifyNode:node_modules/@serialport/bindings-cpp/node_modules/debug Completed in 64ms
171 timing reifyNode:node_modules/@serialport/stream/node_modules/debug Completed in 65ms
172 timing reifyNode:node_modules/serialport/node_modules/debug Completed in 64ms
173 timing reifyNode:node_modules/@serialport/binding-mock/node_modules/debug Completed in 64ms
174 timing reifyNode:node_modules/modbus-serial/node_modules/debug Completed in 64ms
175 timing reifyNode:node_modules/@serialport/parser-slip-encoder Completed in 65ms
176 timing reifyNode:node_modules/serialport Completed in 65ms
177 timing reifyNode:node_modules/node-addon-api Completed in 69ms
178 timing reifyNode:node_modules/modbus-serial Completed in 75ms
179 timing reifyNode:node_modules/@serialport/bindings-cpp Completed in 79ms
180 timing reify:unpack Completed in 80ms
181 timing reify:unretire Completed in 0ms
182 timing build:queue Completed in 1ms
183 timing build:link:node_modules/node-gyp-build Completed in 1ms
184 timing build:link Completed in 1ms
185 info run @serialport/bindings-cpp@10.8.0 install node_modules/@serialport/bindings-cpp node-gyp-build
186 info run @serialport/bindings-cpp@10.8.0 install { code: 0, signal: null }
187 timing build:run:install:node_modules/@serialport/bindings-cpp Completed in 52ms
188 timing build:run:install Completed in 53ms
189 timing build:deps Completed in 57ms
190 timing build Completed in 57ms
191 timing reify:build Completed in 57ms
192 timing reify:trash Completed in 0ms
193 timing reify:save Completed in 17ms
194 http fetch POST 200 https://registry.npmjs.org/-/npm/v1/security/advisories/bulk 3944ms
195 timing auditReport:getReport Completed in 3946ms
196 silly audit report {}
197 timing auditReport:init Completed in 0ms
198 timing reify:audit Completed in 3946ms
199 timing reify Completed in 8217ms
200 silly ADD node_modules/node-gyp-build
201 silly ADD node_modules/node-addon-api
202 silly ADD node_modules/@serialport/bindings-interface
203 silly ADD node_modules/@serialport/stream
204 silly ADD node_modules/@serialport/stream/node_modules/ms
205 silly ADD node_modules/@serialport/stream/node_modules/debug
206 silly ADD node_modules/@serialport/parser-spacepacket
207 silly ADD node_modules/@serialport/parser-slip-encoder
208 silly ADD node_modules/@serialport/parser-regex
209 silly ADD node_modules/@serialport/parser-ready
210 silly ADD node_modules/@serialport/parser-readline
211 silly ADD node_modules/@serialport/parser-packet-length
212 silly ADD node_modules/@serialport/parser-inter-byte-timeout
213 silly ADD node_modules/@serialport/parser-delimiter
214 silly ADD node_modules/@serialport/parser-cctalk
215 silly ADD node_modules/@serialport/parser-byte-length
216 silly ADD node_modules/@serialport/bindings-cpp
217 silly ADD node_modules/@serialport/bindings-cpp/node_modules/ms
218 silly ADD node_modules/@serialport/bindings-cpp/node_modules/debug
219 silly ADD node_modules/@serialport/binding-mock
220 silly ADD node_modules/@serialport/binding-mock/node_modules/ms
221 silly ADD node_modules/@serialport/binding-mock/node_modules/debug
222 silly ADD node_modules/serialport
223 silly ADD node_modules/serialport/node_modules/ms
224 silly ADD node_modules/serialport/node_modules/debug
225 silly ADD node_modules/modbus-serial
226 silly ADD node_modules/modbus-serial/node_modules/ms
227 silly ADD node_modules/modbus-serial/node_modules/debug
228 silly ADD
229 timing command:install Completed in 8221ms
230 verbose exit 0
231 timing npm Completed in 8307ms
232 info ok
