0 verbose cli /opt/nodejs/node-v20.5.0-linux-x64/bin/node /opt/nodejs/node/bin/npm
1 info using npm@9.8.0
2 info using node@v20.5.0
3 timing npm:load:whichnode Completed in 0ms
4 timing config:load:defaults Completed in 0ms
5 timing config:load:file:/opt/nodejs/node-v20.5.0-linux-x64/lib/node_modules/npm/npmrc Completed in 0ms
6 timing config:load:builtin Completed in 1ms
7 timing config:load:cli Completed in 0ms
8 timing config:load:env Completed in 1ms
9 timing config:load:file:/home/kangbus0109/PLC_test/.npmrc Completed in 0ms
10 timing config:load:project Completed in 0ms
11 timing config:load:file:/home/kangbus0109/.npmrc Completed in 0ms
12 timing config:load:user Completed in 0ms
13 timing config:load:file:/opt/nodejs/node-v20.5.0-linux-x64/etc/npmrc Completed in 0ms
14 timing config:load:global Completed in 0ms
15 timing config:load:setEnvs Completed in 1ms
16 timing config:load Completed in 3ms
17 timing npm:load:configload Completed in 3ms
18 timing config:load:flatten Completed in 1ms
19 timing npm:load:mkdirpcache Completed in 1ms
20 timing npm:load:mkdirplogs Completed in 0ms
21 verbose title npm uninstall modbus-serial
22 verbose argv "uninstall" "modbus-serial"
23 timing npm:load:setTitle Completed in 0ms
24 timing npm:load:display Completed in 1ms
25 verbose logfile logs-max:10 dir:/home/kangbus0109/.npm/_logs/2023-08-08T00_01_28_521Z-
26 verbose logfile /home/kangbus0109/.npm/_logs/2023-08-08T00_01_28_521Z-debug-0.log
27 timing npm:load:logFile Completed in 4ms
28 timing npm:load:timers Completed in 0ms
29 timing npm:load:configScope Completed in 0ms
30 timing npm:load Completed in 21ms
31 timing arborist:ctor Completed in 0ms
32 silly logfile done cleaning log files
33 timing idealTree:init Completed in 32ms
34 timing idealTree:userRequests Completed in 0ms
35 silly idealTree buildDeps
36 timing idealTree:#root Completed in 0ms
37 timing idealTree:buildDeps Completed in 1ms
38 timing idealTree:fixDepFlags Completed in 1ms
39 timing idealTree Completed in 36ms
40 timing arborist:ctor Completed in 0ms
41 timing reify:loadTrees Completed in 49ms
42 timing reify:diffTrees Completed in 2ms
43 silly reify mark retired [ '/home/kangbus0109/PLC_test/node_modules/@serialport/binding-mock' ]
44 silly reify mark retired [ '/home/kangbus0109/PLC_test/node_modules/@serialport/bindings-cpp' ]
45 silly reify mark retired [
45 silly reify   '/home/kangbus0109/PLC_test/node_modules/@serialport/bindings-interface'
45 silly reify ]
46 silly reify mark retired [
46 silly reify   '/home/kangbus0109/PLC_test/node_modules/@serialport/parser-byte-length'
46 silly reify ]
47 silly reify mark retired [ '/home/kangbus0109/PLC_test/node_modules/@serialport/parser-cctalk' ]
48 silly reify mark retired [
48 silly reify   '/home/kangbus0109/PLC_test/node_modules/@serialport/parser-delimiter'
48 silly reify ]
49 silly reify mark retired [
49 silly reify   '/home/kangbus0109/PLC_test/node_modules/@serialport/parser-inter-byte-timeout'
49 silly reify ]
50 silly reify mark retired [
50 silly reify   '/home/kangbus0109/PLC_test/node_modules/@serialport/parser-packet-length'
50 silly reify ]
51 silly reify mark retired [
51 silly reify   '/home/kangbus0109/PLC_test/node_modules/@serialport/parser-readline'
51 silly reify ]
52 silly reify mark retired [ '/home/kangbus0109/PLC_test/node_modules/@serialport/parser-ready' ]
53 silly reify mark retired [ '/home/kangbus0109/PLC_test/node_modules/@serialport/parser-regex' ]
54 silly reify mark retired [
54 silly reify   '/home/kangbus0109/PLC_test/node_modules/@serialport/parser-slip-encoder'
54 silly reify ]
55 silly reify mark retired [
55 silly reify   '/home/kangbus0109/PLC_test/node_modules/@serialport/parser-spacepacket'
55 silly reify ]
56 silly reify mark retired [ '/home/kangbus0109/PLC_test/node_modules/@serialport/stream' ]
57 silly reify mark retired [ '/home/kangbus0109/PLC_test/node_modules/modbus-serial' ]
58 silly reify mark retired [ '/home/kangbus0109/PLC_test/node_modules/node-addon-api' ]
59 silly reify mark retired [
59 silly reify   '/home/kangbus0109/PLC_test/node_modules/node-gyp-build',
59 silly reify   '/home/kangbus0109/PLC_test/node_modules/.bin/node-gyp-build',
59 silly reify   '/home/kangbus0109/PLC_test/node_modules/.bin/node-gyp-build-optional',
59 silly reify   '/home/kangbus0109/PLC_test/node_modules/.bin/node-gyp-build-test'
59 silly reify ]
60 silly reify mark retired [ '/home/kangbus0109/PLC_test/node_modules/serialport' ]
61 silly reify moves {
61 silly reify   '/home/kangbus0109/PLC_test/node_modules/@serialport/binding-mock': '/home/kangbus0109/PLC_test/node_modules/@serialport/.binding-mock-6VXCIdLT',
61 silly reify   '/home/kangbus0109/PLC_test/node_modules/@serialport/bindings-cpp': '/home/kangbus0109/PLC_test/node_modules/@serialport/.bindings-cpp-wJxXL0ew',
61 silly reify   '/home/kangbus0109/PLC_test/node_modules/@serialport/bindings-interface': '/home/kangbus0109/PLC_test/node_modules/@serialport/.bindings-interface-h1HK8kmb',
61 silly reify   '/home/kangbus0109/PLC_test/node_modules/@serialport/parser-byte-length': '/home/kangbus0109/PLC_test/node_modules/@serialport/.parser-byte-length-QRkpSFw7',
61 silly reify   '/home/kangbus0109/PLC_test/node_modules/@serialport/parser-cctalk': '/home/kangbus0109/PLC_test/node_modules/@serialport/.parser-cctalk-G8aSNYon',
61 silly reify   '/home/kangbus0109/PLC_test/node_modules/@serialport/parser-delimiter': '/home/kangbus0109/PLC_test/node_modules/@serialport/.parser-delimiter-Gbcv5rye',
61 silly reify   '/home/kangbus0109/PLC_test/node_modules/@serialport/parser-inter-byte-timeout': '/home/kangbus0109/PLC_test/node_modules/@serialport/.parser-inter-byte-timeout-OI9QVCxb',
61 silly reify   '/home/kangbus0109/PLC_test/node_modules/@serialport/parser-packet-length': '/home/kangbus0109/PLC_test/node_modules/@serialport/.parser-packet-length-rdR0q6Lo',
61 silly reify   '/home/kangbus0109/PLC_test/node_modules/@serialport/parser-readline': '/home/kangbus0109/PLC_test/node_modules/@serialport/.parser-readline-zXZhgD8O',
61 silly reify   '/home/kangbus0109/PLC_test/node_modules/@serialport/parser-ready': '/home/kangbus0109/PLC_test/node_modules/@serialport/.parser-ready-rpS7NpKS',
61 silly reify   '/home/kangbus0109/PLC_test/node_modules/@serialport/parser-regex': '/home/kangbus0109/PLC_test/node_modules/@serialport/.parser-regex-nnvHLD8Q',
61 silly reify   '/home/kangbus0109/PLC_test/node_modules/@serialport/parser-slip-encoder': '/home/kangbus0109/PLC_test/node_modules/@serialport/.parser-slip-encoder-uyDXxaVd',
61 silly reify   '/home/kangbus0109/PLC_test/node_modules/@serialport/parser-spacepacket': '/home/kangbus0109/PLC_test/node_modules/@serialport/.parser-spacepacket-fyx7Gdfv',
61 silly reify   '/home/kangbus0109/PLC_test/node_modules/@serialport/stream': '/home/kangbus0109/PLC_test/node_modules/@serialport/.stream-AyIaEIwC',
61 silly reify   '/home/kangbus0109/PLC_test/node_modules/modbus-serial': '/home/kangbus0109/PLC_test/node_modules/.modbus-serial-wZUqAf7A',
61 silly reify   '/home/kangbus0109/PLC_test/node_modules/node-addon-api': '/home/kangbus0109/PLC_test/node_modules/.node-addon-api-eVrFlevj',
61 silly reify   '/home/kangbus0109/PLC_test/node_modules/node-gyp-build': '/home/kangbus0109/PLC_test/node_modules/.node-gyp-build-MbsixSMA',
61 silly reify   '/home/kangbus0109/PLC_test/node_modules/.bin/node-gyp-build': '/home/kangbus0109/PLC_test/node_modules/.bin/.node-gyp-build-8miCd6S6',
61 silly reify   '/home/kangbus0109/PLC_test/node_modules/.bin/node-gyp-build-optional': '/home/kangbus0109/PLC_test/node_modules/.bin/.node-gyp-build-optional-rmpVjqzT',
61 silly reify   '/home/kangbus0109/PLC_test/node_modules/.bin/node-gyp-build-test': '/home/kangbus0109/PLC_test/node_modules/.bin/.node-gyp-build-test-4S9vpsb8',
61 silly reify   '/home/kangbus0109/PLC_test/node_modules/serialport': '/home/kangbus0109/PLC_test/node_modules/.serialport-RgNtfadX'
61 silly reify }
62 timing reify:retireShallow Completed in 7ms
63 timing reify:createSparse Completed in 0ms
64 timing reify:loadBundles Completed in 0ms
65 silly audit bulk request {
65 silly audit   '@babel/helper-string-parser': [ '7.22.5' ],
65 silly audit   '@babel/helper-validator-identifier': [ '7.22.5' ],
65 silly audit   '@babel/parser': [ '7.22.7' ],
65 silly audit   '@babel/types': [ '7.22.5' ],
65 silly audit   debug: [ '2.6.9' ],
65 silly audit   ms: [ '2.0.0', '2.1.3' ],
65 silly audit   accepts: [ '1.3.8' ],
65 silly audit   acorn: [ '7.4.1' ],
65 silly audit   anymatch: [ '3.1.3' ],
65 silly audit   'array-flatten': [ '1.1.1' ],
65 silly audit   asap: [ '2.0.6' ],
65 silly audit   'assert-never': [ '1.2.1' ],
65 silly audit   'babel-walk': [ '3.0.0-canary-5' ],
65 silly audit   'binary-extensions': [ '2.2.0' ],
65 silly audit   'body-parser': [ '1.20.1' ],
65 silly audit   braces: [ '3.0.2' ],
65 silly audit   bytes: [ '3.1.2' ],
65 silly audit   'call-bind': [ '1.0.2' ],
65 silly audit   'character-parser': [ '2.2.0' ],
65 silly audit   chokidar: [ '3.5.3' ],
65 silly audit   constantinople: [ '4.0.1' ],
65 silly audit   'content-disposition': [ '0.5.4' ],
65 silly audit   'content-type': [ '1.0.5' ],
65 silly audit   cookie: [ '0.5.0' ],
65 silly audit   'cookie-signature': [ '1.0.6' ],
65 silly audit   depd: [ '2.0.0' ],
65 silly audit   destroy: [ '1.2.0' ],
65 silly audit   doctypes: [ '1.1.0' ],
65 silly audit   'ee-first': [ '1.1.1' ],
65 silly audit   encodeurl: [ '1.0.2' ],
65 silly audit   'escape-html': [ '1.0.3' ],
65 silly audit   etag: [ '1.8.1' ],
65 silly audit   express: [ '4.18.2' ],
65 silly audit   'fill-range': [ '7.0.1' ],
65 silly audit   finalhandler: [ '1.2.0' ],
65 silly audit   forwarded: [ '0.2.0' ],
65 silly audit   fresh: [ '0.5.2' ],
65 silly audit   fsevents: [ '2.3.2' ],
65 silly audit   'function-bind': [ '1.1.1' ],
65 silly audit   'get-intrinsic': [ '1.2.1' ],
65 silly audit   'glob-parent': [ '5.1.2' ],
65 silly audit   has: [ '1.0.3' ],
65 silly audit   'has-proto': [ '1.0.1' ],
65 silly audit   'has-symbols': [ '1.0.3' ],
65 silly audit   'has-tostringtag': [ '1.0.0' ],
65 silly audit   'http-errors': [ '2.0.0' ],
65 silly audit   'iconv-lite': [ '0.4.24' ],
65 silly audit   immutable: [ '4.3.2' ],
65 silly audit   inherits: [ '2.0.4' ],
65 silly audit   'ipaddr.js': [ '1.9.1' ],
65 silly audit   'is-binary-path': [ '2.1.0' ],
65 silly audit   'is-core-module': [ '2.13.0' ],
65 silly audit   'is-expression': [ '4.0.0' ],
65 silly audit   'is-extglob': [ '2.1.1' ],
65 silly audit   'is-glob': [ '4.0.3' ],
65 silly audit   'is-number': [ '7.0.0' ],
65 silly audit   'is-promise': [ '2.2.2' ],
65 silly audit   'is-regex': [ '1.1.4' ],
65 silly audit   'js-stringify': [ '1.0.2' ],
65 silly audit   jstransformer: [ '1.0.0' ],
65 silly audit   'media-typer': [ '0.3.0' ],
65 silly audit   'merge-descriptors': [ '1.0.1' ],
65 silly audit   methods: [ '1.1.2' ],
65 silly audit   mime: [ '1.6.0' ],
65 silly audit   'mime-db': [ '1.52.0' ],
65 silly audit   'mime-types': [ '2.1.35' ],
65 silly audit   negotiator: [ '0.6.3' ],
65 silly audit   net: [ '1.0.2' ],
65 silly audit   'node.js': [ '0.0.1-security' ],
65 silly audit   'normalize-path': [ '3.0.0' ],
65 silly audit   'object-assign': [ '4.1.1' ],
65 silly audit   'object-inspect': [ '1.12.3' ],
65 silly audit   'on-finished': [ '2.4.1' ],
65 silly audit   parseurl: [ '1.3.3' ],
65 silly audit   'path-parse': [ '1.0.7' ],
65 silly audit   'path-to-regexp': [ '0.1.7' ],
65 silly audit   picomatch: [ '2.3.1' ],
65 silly audit   promise: [ '7.3.1' ],
65 silly audit   'proxy-addr': [ '2.0.7' ],
65 silly audit   pug: [ '3.0.2' ],
65 silly audit   'pug-attrs': [ '3.0.0' ],
65 silly audit   'pug-code-gen': [ '3.0.2' ],
65 silly audit   'pug-error': [ '2.0.0' ],
65 silly audit   'pug-filters': [ '4.0.0' ],
65 silly audit   'pug-lexer': [ '5.0.1' ],
65 silly audit   'pug-linker': [ '4.0.0' ],
65 silly audit   'pug-load': [ '3.0.0' ],
65 silly audit   'pug-parser': [ '6.0.0' ],
65 silly audit   'pug-runtime': [ '3.0.1' ],
65 silly audit   'pug-strip-comments': [ '2.0.0' ],
65 silly audit   'pug-walk': [ '2.0.0' ],
65 silly audit   qs: [ '6.11.0' ],
65 silly audit   'range-parser': [ '1.2.1' ],
65 silly audit   'raw-body': [ '2.5.1' ],
65 silly audit   readdirp: [ '3.6.0' ],
65 silly audit   resolve: [ '1.22.4' ],
65 silly audit   'safe-buffer': [ '5.2.1' ],
65 silly audit   'safer-buffer': [ '2.1.2' ],
65 silly audit   sass: [ '1.64.2' ],
65 silly audit   send: [ '0.18.0' ],
65 silly audit   'serve-static': [ '1.15.0' ],
65 silly audit   setprototypeof: [ '1.2.0' ],
65 silly audit   'side-channel': [ '1.0.4' ],
65 silly audit   'source-map-js': [ '1.0.2' ],
65 silly audit   statuses: [ '2.0.1' ],
65 silly audit   'supports-preserve-symlinks-flag': [ '1.0.0' ],
65 silly audit   'to-fast-properties': [ '2.0.0' ],
65 silly audit   'to-regex-range': [ '5.0.1' ],
65 silly audit   toidentifier: [ '1.0.1' ],
65 silly audit   'token-stream': [ '1.0.0' ],
65 silly audit   'type-is': [ '1.6.18' ],
65 silly audit   unpipe: [ '1.0.0' ],
65 silly audit   'utils-merge': [ '1.0.1' ],
65 silly audit   vary: [ '1.1.2' ],
65 silly audit   'void-elements': [ '3.1.0' ],
65 silly audit   with: [ '7.0.2' ],
65 silly audit   ws: [ '8.13.0' ]
65 silly audit }
66 verbose reify failed optional dependency /home/kangbus0109/PLC_test/node_modules/fsevents
67 silly reify mark deleted [ '/home/kangbus0109/PLC_test/node_modules/fsevents' ]
68 timing reifyNode:node_modules/fsevents Completed in 24ms
69 timing reify:unpack Completed in 24ms
70 timing reify:unretire Completed in 0ms
71 timing build:queue Completed in 1ms
72 timing build:deps Completed in 2ms
73 timing build Completed in 3ms
74 timing reify:build Completed in 3ms
75 timing reify:trash Completed in 10ms
76 timing reify:save Completed in 16ms
77 http fetch POST 200 https://registry.npmjs.org/-/npm/v1/security/advisories/bulk 2017ms
78 timing auditReport:getReport Completed in 2018ms
79 silly audit report {}
80 timing auditReport:init Completed in 0ms
81 timing reify:audit Completed in 2018ms
82 timing reify Completed in 2080ms
83 silly ADD
84 silly REMOVE node_modules/serialport
85 silly REMOVE node_modules/serialport/node_modules/ms
86 silly REMOVE node_modules/serialport/node_modules/debug
87 silly REMOVE node_modules/node-gyp-build
88 silly REMOVE node_modules/node-addon-api
89 silly REMOVE node_modules/modbus-serial
90 silly REMOVE node_modules/modbus-serial/node_modules/ms
91 silly REMOVE node_modules/modbus-serial/node_modules/debug
92 silly REMOVE node_modules/@serialport/stream
93 silly REMOVE node_modules/@serialport/stream/node_modules/ms
94 silly REMOVE node_modules/@serialport/stream/node_modules/debug
95 silly REMOVE node_modules/@serialport/parser-spacepacket
96 silly REMOVE node_modules/@serialport/parser-slip-encoder
97 silly REMOVE node_modules/@serialport/parser-regex
98 silly REMOVE node_modules/@serialport/parser-ready
99 silly REMOVE node_modules/@serialport/parser-readline
100 silly REMOVE node_modules/@serialport/parser-packet-length
101 silly REMOVE node_modules/@serialport/parser-inter-byte-timeout
102 silly REMOVE node_modules/@serialport/parser-delimiter
103 silly REMOVE node_modules/@serialport/parser-cctalk
104 silly REMOVE node_modules/@serialport/parser-byte-length
105 silly REMOVE node_modules/@serialport/bindings-interface
106 silly REMOVE node_modules/@serialport/bindings-cpp
107 silly REMOVE node_modules/@serialport/bindings-cpp/node_modules/ms
108 silly REMOVE node_modules/@serialport/bindings-cpp/node_modules/debug
109 silly REMOVE node_modules/@serialport/binding-mock
110 silly REMOVE node_modules/@serialport/binding-mock/node_modules/ms
111 silly REMOVE node_modules/@serialport/binding-mock/node_modules/debug
112 timing command:uninstall Completed in 2084ms
113 verbose exit 0
114 timing npm Completed in 2166ms
115 info ok
