0 verbose cli /opt/nodejs/node-v20.5.0-linux-x64/bin/node /opt/nodejs/node/bin/npm
1 info using npm@9.8.0
2 info using node@v20.5.0
3 timing npm:load:whichnode Completed in 1ms
4 timing config:load:defaults Completed in 1ms
5 timing config:load:file:/opt/nodejs/node-v20.5.0-linux-x64/lib/node_modules/npm/npmrc Completed in 0ms
6 timing config:load:builtin Completed in 0ms
7 timing config:load:cli Completed in 1ms
8 timing config:load:env Completed in 0ms
9 timing config:load:file:/home/kangbus0109/PLC_test/.npmrc Completed in 0ms
10 timing config:load:project Completed in 5ms
11 timing config:load:file:/home/kangbus0109/.npmrc Completed in 0ms
12 timing config:load:user Completed in 0ms
13 timing config:load:file:/opt/nodejs/node-v20.5.0-linux-x64/etc/npmrc Completed in 0ms
14 timing config:load:global Completed in 0ms
15 timing config:load:setEnvs Completed in 0ms
16 timing config:load Completed in 7ms
17 timing npm:load:configload Completed in 7ms
18 timing config:load:flatten Completed in 1ms
19 timing npm:load:mkdirpcache Completed in 0ms
20 timing npm:load:mkdirplogs Completed in 0ms
21 verbose title npm i modbus-serial
22 verbose argv "i" "modbus-serial"
23 timing npm:load:setTitle Completed in 1ms
24 timing npm:load:display Completed in 0ms
25 verbose logfile logs-max:10 dir:/home/kangbus0109/.npm/_logs/2023-08-07T23_59_12_576Z-
26 verbose logfile /home/kangbus0109/.npm/_logs/2023-08-07T23_59_12_576Z-debug-0.log
27 timing npm:load:logFile Completed in 4ms
28 timing npm:load:timers Completed in 0ms
29 timing npm:load:configScope Completed in 0ms
30 timing npm:load Completed in 20ms
31 timing arborist:ctor Completed in 1ms
32 silly logfile done cleaning log files
33 timing idealTree:init Completed in 34ms
34 timing idealTree:userRequests Completed in 0ms
35 silly idealTree buildDeps
36 silly fetch manifest modbus-serial@^8.0.11
37 timing arborist:ctor Completed in 0ms
38 http fetch GET 200 https://registry.npmjs.org/modbus-serial 362ms (cache revalidated)
39 silly placeDep ROOT modbus-serial@8.0.11 REPLACE for: plc_test@1.0.0 want: ^8.0.11
40 timing idealTree:#root Completed in 369ms
41 timing idealTree:node_modules/modbus-serial Completed in 0ms
42 timing idealTree:buildDeps Completed in 370ms
43 timing idealTree:fixDepFlags Completed in 2ms
44 timing idealTree Completed in 409ms
45 timing reify:loadTrees Completed in 409ms
46 timing reify:diffTrees Completed in 1ms
47 silly reify moves {}
48 timing reify:retireShallow Completed in 1ms
49 timing reify:createSparse Completed in 1ms
50 timing reify:loadBundles Completed in 0ms
51 silly audit bulk request {
51 silly audit   '@babel/helper-string-parser': [ '7.22.5' ],
51 silly audit   '@babel/helper-validator-identifier': [ '7.22.5' ],
51 silly audit   '@babel/parser': [ '7.22.7' ],
51 silly audit   '@babel/types': [ '7.22.5' ],
51 silly audit   '@serialport/binding-mock': [ '10.2.2' ],
51 silly audit   debug: [ '4.3.4', '2.6.9' ],
51 silly audit   ms: [ '2.1.2', '2.0.0', '2.1.3' ],
51 silly audit   '@serialport/bindings-cpp': [ '10.8.0' ],
51 silly audit   '@serialport/bindings-interface': [ '1.2.2' ],
51 silly audit   '@serialport/parser-byte-length': [ '10.5.0' ],
51 silly audit   '@serialport/parser-cctalk': [ '10.5.0' ],
51 silly audit   '@serialport/parser-delimiter': [ '10.5.0' ],
51 silly audit   '@serialport/parser-inter-byte-timeout': [ '10.5.0' ],
51 silly audit   '@serialport/parser-packet-length': [ '10.5.0' ],
51 silly audit   '@serialport/parser-readline': [ '10.5.0' ],
51 silly audit   '@serialport/parser-ready': [ '10.5.0' ],
51 silly audit   '@serialport/parser-regex': [ '10.5.0' ],
51 silly audit   '@serialport/parser-slip-encoder': [ '10.5.0' ],
51 silly audit   '@serialport/parser-spacepacket': [ '10.5.0' ],
51 silly audit   '@serialport/stream': [ '10.5.0' ],
51 silly audit   accepts: [ '1.3.8' ],
51 silly audit   acorn: [ '7.4.1' ],
51 silly audit   anymatch: [ '3.1.3' ],
51 silly audit   'array-flatten': [ '1.1.1' ],
51 silly audit   asap: [ '2.0.6' ],
51 silly audit   'assert-never': [ '1.2.1' ],
51 silly audit   'babel-walk': [ '3.0.0-canary-5' ],
51 silly audit   'binary-extensions': [ '2.2.0' ],
51 silly audit   'body-parser': [ '1.20.1' ],
51 silly audit   braces: [ '3.0.2' ],
51 silly audit   bytes: [ '3.1.2' ],
51 silly audit   'call-bind': [ '1.0.2' ],
51 silly audit   'character-parser': [ '2.2.0' ],
51 silly audit   chokidar: [ '3.5.3' ],
51 silly audit   constantinople: [ '4.0.1' ],
51 silly audit   'content-disposition': [ '0.5.4' ],
51 silly audit   'content-type': [ '1.0.5' ],
51 silly audit   cookie: [ '0.5.0' ],
51 silly audit   'cookie-signature': [ '1.0.6' ],
51 silly audit   depd: [ '2.0.0' ],
51 silly audit   destroy: [ '1.2.0' ],
51 silly audit   doctypes: [ '1.1.0' ],
51 silly audit   'ee-first': [ '1.1.1' ],
51 silly audit   encodeurl: [ '1.0.2' ],
51 silly audit   'escape-html': [ '1.0.3' ],
51 silly audit   etag: [ '1.8.1' ],
51 silly audit   express: [ '4.18.2' ],
51 silly audit   'fill-range': [ '7.0.1' ],
51 silly audit   finalhandler: [ '1.2.0' ],
51 silly audit   forwarded: [ '0.2.0' ],
51 silly audit   fresh: [ '0.5.2' ],
51 silly audit   fsevents: [ '2.3.2' ],
51 silly audit   'function-bind': [ '1.1.1' ],
51 silly audit   'get-intrinsic': [ '1.2.1' ],
51 silly audit   'glob-parent': [ '5.1.2' ],
51 silly audit   has: [ '1.0.3' ],
51 silly audit   'has-proto': [ '1.0.1' ],
51 silly audit   'has-symbols': [ '1.0.3' ],
51 silly audit   'has-tostringtag': [ '1.0.0' ],
51 silly audit   'http-errors': [ '2.0.0' ],
51 silly audit   'iconv-lite': [ '0.4.24' ],
51 silly audit   immutable: [ '4.3.2' ],
51 silly audit   inherits: [ '2.0.4' ],
51 silly audit   'ipaddr.js': [ '1.9.1' ],
51 silly audit   'is-binary-path': [ '2.1.0' ],
51 silly audit   'is-core-module': [ '2.13.0' ],
51 silly audit   'is-expression': [ '4.0.0' ],
51 silly audit   'is-extglob': [ '2.1.1' ],
51 silly audit   'is-glob': [ '4.0.3' ],
51 silly audit   'is-number': [ '7.0.0' ],
51 silly audit   'is-promise': [ '2.2.2' ],
51 silly audit   'is-regex': [ '1.1.4' ],
51 silly audit   'js-stringify': [ '1.0.2' ],
51 silly audit   jstransformer: [ '1.0.0' ],
51 silly audit   'media-typer': [ '0.3.0' ],
51 silly audit   'merge-descriptors': [ '1.0.1' ],
51 silly audit   methods: [ '1.1.2' ],
51 silly audit   mime: [ '1.6.0' ],
51 silly audit   'mime-db': [ '1.52.0' ],
51 silly audit   'mime-types': [ '2.1.35' ],
51 silly audit   negotiator: [ '0.6.3' ],
51 silly audit   net: [ '1.0.2' ],
51 silly audit   'node-addon-api': [ '5.1.0' ],
51 silly audit   'node-gyp-build': [ '4.6.0' ],
51 silly audit   'node.js': [ '0.0.1-security' ],
51 silly audit   'normalize-path': [ '3.0.0' ],
51 silly audit   'object-assign': [ '4.1.1' ],
51 silly audit   'object-inspect': [ '1.12.3' ],
51 silly audit   'on-finished': [ '2.4.1' ],
51 silly audit   parseurl: [ '1.3.3' ],
51 silly audit   'path-parse': [ '1.0.7' ],
51 silly audit   'path-to-regexp': [ '0.1.7' ],
51 silly audit   picomatch: [ '2.3.1' ],
51 silly audit   promise: [ '7.3.1' ],
51 silly audit   'proxy-addr': [ '2.0.7' ],
51 silly audit   pug: [ '3.0.2' ],
51 silly audit   'pug-attrs': [ '3.0.0' ],
51 silly audit   'pug-code-gen': [ '3.0.2' ],
51 silly audit   'pug-error': [ '2.0.0' ],
51 silly audit   'pug-filters': [ '4.0.0' ],
51 silly audit   'pug-lexer': [ '5.0.1' ],
51 silly audit   'pug-linker': [ '4.0.0' ],
51 silly audit   'pug-load': [ '3.0.0' ],
51 silly audit   'pug-parser': [ '6.0.0' ],
51 silly audit   'pug-runtime': [ '3.0.1' ],
51 silly audit   'pug-strip-comments': [ '2.0.0' ],
51 silly audit   'pug-walk': [ '2.0.0' ],
51 silly audit   qs: [ '6.11.0' ],
51 silly audit   'range-parser': [ '1.2.1' ],
51 silly audit   'raw-body': [ '2.5.1' ],
51 silly audit   readdirp: [ '3.6.0' ],
51 silly audit   resolve: [ '1.22.4' ],
51 silly audit   'safe-buffer': [ '5.2.1' ],
51 silly audit   'safer-buffer': [ '2.1.2' ],
51 silly audit   sass: [ '1.64.2' ],
51 silly audit   send: [ '0.18.0' ],
51 silly audit   serialport: [ '10.5.0' ],
51 silly audit   'serve-static': [ '1.15.0' ],
51 silly audit   setprototypeof: [ '1.2.0' ],
51 silly audit   'side-channel': [ '1.0.4' ],
51 silly audit   'source-map-js': [ '1.0.2' ],
51 silly audit   statuses: [ '2.0.1' ],
51 silly audit   'supports-preserve-symlinks-flag': [ '1.0.0' ],
51 silly audit   'to-fast-properties': [ '2.0.0' ],
51 silly audit   'to-regex-range': [ '5.0.1' ],
51 silly audit   toidentifier: [ '1.0.1' ],
51 silly audit   'token-stream': [ '1.0.0' ],
51 silly audit   'type-is': [ '1.6.18' ],
51 silly audit   unpipe: [ '1.0.0' ],
51 silly audit   'utils-merge': [ '1.0.1' ],
51 silly audit   vary: [ '1.1.2' ],
51 silly audit   'void-elements': [ '3.1.0' ],
51 silly audit   with: [ '7.0.2' ],
51 silly audit   ws: [ '8.13.0' ],
51 silly audit   'modbus-serial': [ '8.0.11' ]
51 silly audit }
52 verbose reify failed optional dependency /home/kangbus0109/PLC_test/node_modules/fsevents
53 silly reify mark deleted [ '/home/kangbus0109/PLC_test/node_modules/fsevents' ]
54 timing reifyNode:node_modules/fsevents Completed in 2ms
55 timing reify:unpack Completed in 2ms
56 timing reify:unretire Completed in 0ms
57 timing build:queue Completed in 1ms
58 timing build:deps Completed in 1ms
59 timing build Completed in 1ms
60 timing reify:build Completed in 1ms
61 timing reify:trash Completed in 0ms
62 timing reify:save Completed in 17ms
63 http fetch POST 200 https://registry.npmjs.org/-/npm/v1/security/advisories/bulk 158ms
64 timing auditReport:getReport Completed in 160ms
65 silly audit report {}
66 timing auditReport:init Completed in 0ms
67 timing reify:audit Completed in 160ms
68 timing reify Completed in 577ms
69 silly ADD
70 timing command:i Completed in 579ms
71 verbose exit 0
72 timing npm Completed in 666ms
73 info ok
