0 verbose cli /opt/nodejs/node-v20.5.0-linux-x64/bin/node /opt/nodejs/node/bin/npm
1 info using npm@9.8.0
2 info using node@v20.5.0
3 timing npm:load:whichnode Completed in 0ms
4 timing config:load:defaults Completed in 0ms
5 timing config:load:file:/opt/nodejs/node-v20.5.0-linux-x64/lib/node_modules/npm/npmrc Completed in 0ms
6 timing config:load:builtin Completed in 1ms
7 timing config:load:cli Completed in 1ms
8 timing config:load:env Completed in 0ms
9 timing config:load:project Completed in 0ms
10 timing config:load:file:/home/kangbus0109/.npmrc Completed in 0ms
11 timing config:load:user Completed in 1ms
12 timing config:load:file:/opt/nodejs/node-v20.5.0-linux-x64/etc/npmrc Completed in 0ms
13 timing config:load:global Completed in 0ms
14 timing config:load:setEnvs Completed in 0ms
15 timing config:load Completed in 3ms
16 timing npm:load:configload Completed in 4ms
17 timing config:load:flatten Completed in 1ms
18 timing npm:load:mkdirpcache Completed in 1ms
19 timing npm:load:mkdirplogs Completed in 0ms
20 verbose title npm i modbus-serial
21 verbose argv "i" "--global" "modbus-serial"
22 timing npm:load:setTitle Completed in 0ms
23 timing npm:load:display Completed in 1ms
24 verbose logfile logs-max:10 dir:/home/kangbus0109/.npm/_logs/2023-08-07T23_55_42_391Z-
25 verbose logfile /home/kangbus0109/.npm/_logs/2023-08-07T23_55_42_391Z-debug-0.log
26 timing npm:load:logFile Completed in 3ms
27 timing npm:load:timers Completed in 0ms
28 timing npm:load:configScope Completed in 0ms
29 timing npm:load Completed in 22ms
30 timing config:load:flatten Completed in 1ms
31 timing arborist:ctor Completed in 1ms
32 silly logfile done cleaning log files
33 timing idealTree:init Completed in 4ms
34 timing idealTree:userRequests Completed in 2ms
35 silly idealTree buildDeps
36 silly fetch manifest modbus-serial@*
37 http fetch GET 200 https://registry.npmjs.org/modbus-serial 7ms (cache hit)
38 silly placeDep ROOT modbus-serial@8.0.11 OK for:  want: *
39 silly fetch manifest debug@^4.1.1
40 silly fetch manifest serialport@^10.4.0
41 http fetch GET 200 https://registry.npmjs.org/debug 3ms (cache hit)
42 http fetch GET 200 https://registry.npmjs.org/serialport 4ms (cache hit)
43 timing idealTree:#root Completed in 18ms
44 silly placeDep node_modules/modbus-serial debug@4.3.4 OK for: modbus-serial@8.0.11 want: ^4.1.1
45 silly fetch manifest ms@2.1.2
46 silly placeDep node_modules/modbus-serial serialport@10.5.0 OK for: modbus-serial@8.0.11 want: ^10.4.0
47 silly fetch manifest @serialport/binding-mock@10.2.2
48 silly fetch manifest @serialport/bindings-cpp@10.8.0
49 silly fetch manifest @serialport/parser-byte-length@10.5.0
50 silly fetch manifest @serialport/parser-cctalk@10.5.0
51 silly fetch manifest @serialport/parser-delimiter@10.5.0
52 silly fetch manifest @serialport/parser-inter-byte-timeout@10.5.0
53 silly fetch manifest @serialport/parser-packet-length@10.5.0
54 silly fetch manifest @serialport/parser-readline@10.5.0
55 silly fetch manifest @serialport/parser-ready@10.5.0
56 silly fetch manifest @serialport/parser-regex@10.5.0
57 silly fetch manifest @serialport/parser-slip-encoder@10.5.0
58 silly fetch manifest @serialport/parser-spacepacket@10.5.0
59 silly fetch manifest @serialport/stream@10.5.0
60 http fetch GET 200 https://registry.npmjs.org/ms 19ms (cache hit)
61 http fetch GET 200 https://registry.npmjs.org/@serialport%2fbindings-cpp 18ms (cache hit)
62 http fetch GET 200 https://registry.npmjs.org/@serialport%2fbinding-mock 19ms (cache hit)
63 http fetch GET 200 https://registry.npmjs.org/@serialport%2fparser-byte-length 19ms (cache hit)
64 http fetch GET 200 https://registry.npmjs.org/@serialport%2fparser-cctalk 19ms (cache hit)
65 http fetch GET 200 https://registry.npmjs.org/@serialport%2fparser-inter-byte-timeout 19ms (cache hit)
66 http fetch GET 200 https://registry.npmjs.org/@serialport%2fparser-packet-length 23ms (cache hit)
67 http fetch GET 200 https://registry.npmjs.org/@serialport%2fparser-delimiter 23ms (cache hit)
68 http fetch GET 200 https://registry.npmjs.org/@serialport%2fparser-ready 23ms (cache hit)
69 http fetch GET 200 https://registry.npmjs.org/@serialport%2fparser-readline 23ms (cache hit)
70 http fetch GET 200 https://registry.npmjs.org/@serialport%2fparser-regex 22ms (cache hit)
71 http fetch GET 200 https://registry.npmjs.org/@serialport%2fparser-slip-encoder 22ms (cache hit)
72 http fetch GET 200 https://registry.npmjs.org/@serialport%2fparser-spacepacket 23ms (cache hit)
73 http fetch GET 200 https://registry.npmjs.org/@serialport%2fstream 23ms (cache hit)
74 timing idealTree:node_modules/modbus-serial Completed in 30ms
75 silly placeDep node_modules/modbus-serial ms@2.1.2 OK for: debug@4.3.4 want: 2.1.2
76 timing idealTree:node_modules/modbus-serial/node_modules/debug Completed in 1ms
77 timing idealTree:node_modules/modbus-serial/node_modules/ms Completed in 0ms
78 silly placeDep node_modules/modbus-serial @serialport/binding-mock@10.2.2 OK for: serialport@10.5.0 want: 10.2.2
79 silly fetch manifest @serialport/bindings-interface@^1.2.1
80 silly placeDep node_modules/modbus-serial @serialport/bindings-cpp@10.8.0 OK for: serialport@10.5.0 want: 10.8.0
81 silly fetch manifest @serialport/bindings-interface@1.2.2
82 silly fetch manifest @serialport/parser-readline@^10.2.1
83 silly fetch manifest node-addon-api@^5.0.0
84 silly fetch manifest node-gyp-build@^4.3.0
85 silly placeDep node_modules/modbus-serial @serialport/parser-byte-length@10.5.0 OK for: serialport@10.5.0 want: 10.5.0
86 silly placeDep node_modules/modbus-serial @serialport/parser-cctalk@10.5.0 OK for: serialport@10.5.0 want: 10.5.0
87 silly placeDep node_modules/modbus-serial @serialport/parser-delimiter@10.5.0 OK for: serialport@10.5.0 want: 10.5.0
88 silly placeDep node_modules/modbus-serial @serialport/parser-inter-byte-timeout@10.5.0 OK for: serialport@10.5.0 want: 10.5.0
89 silly placeDep node_modules/modbus-serial @serialport/parser-packet-length@10.5.0 OK for: serialport@10.5.0 want: 10.5.0
90 silly placeDep node_modules/modbus-serial @serialport/parser-readline@10.5.0 OK for: serialport@10.5.0 want: 10.5.0
91 silly placeDep node_modules/modbus-serial @serialport/parser-ready@10.5.0 OK for: serialport@10.5.0 want: 10.5.0
92 silly placeDep node_modules/modbus-serial @serialport/parser-regex@10.5.0 OK for: serialport@10.5.0 want: 10.5.0
93 silly placeDep node_modules/modbus-serial @serialport/parser-slip-encoder@10.5.0 OK for: serialport@10.5.0 want: 10.5.0
94 silly placeDep node_modules/modbus-serial @serialport/parser-spacepacket@10.5.0 OK for: serialport@10.5.0 want: 10.5.0
95 silly placeDep node_modules/modbus-serial @serialport/stream@10.5.0 OK for: serialport@10.5.0 want: 10.5.0
96 http fetch GET 200 https://registry.npmjs.org/@serialport%2fbindings-interface 12ms (cache hit)
97 http fetch GET 200 https://registry.npmjs.org/@serialport%2fbindings-interface 12ms (cache hit)
98 http fetch GET 200 https://registry.npmjs.org/node-gyp-build 11ms (cache hit)
99 http fetch GET 200 https://registry.npmjs.org/node-addon-api 12ms (cache hit)
100 timing idealTree:node_modules/modbus-serial/node_modules/serialport Completed in 18ms
101 silly placeDep node_modules/modbus-serial @serialport/bindings-interface@1.2.2 OK for: @serialport/binding-mock@10.2.2 want: ^1.2.1
102 timing idealTree:node_modules/modbus-serial/node_modules/@serialport/binding-mock Completed in 1ms
103 silly placeDep node_modules/modbus-serial node-addon-api@5.1.0 OK for: @serialport/bindings-cpp@10.8.0 want: ^5.0.0
104 silly placeDep node_modules/modbus-serial node-gyp-build@4.6.0 OK for: @serialport/bindings-cpp@10.8.0 want: ^4.3.0
105 timing idealTree:node_modules/modbus-serial/node_modules/@serialport/bindings-cpp Completed in 2ms
106 timing idealTree:node_modules/modbus-serial/node_modules/@serialport/bindings-interface Completed in 0ms
107 timing idealTree:node_modules/modbus-serial/node_modules/@serialport/parser-byte-length Completed in 0ms
108 timing idealTree:node_modules/modbus-serial/node_modules/@serialport/parser-cctalk Completed in 0ms
109 timing idealTree:node_modules/modbus-serial/node_modules/@serialport/parser-delimiter Completed in 0ms
110 timing idealTree:node_modules/modbus-serial/node_modules/@serialport/parser-inter-byte-timeout Completed in 0ms
111 timing idealTree:node_modules/modbus-serial/node_modules/@serialport/parser-packet-length Completed in 0ms
112 timing idealTree:node_modules/modbus-serial/node_modules/@serialport/parser-readline Completed in 0ms
113 timing idealTree:node_modules/modbus-serial/node_modules/@serialport/parser-ready Completed in 0ms
114 timing idealTree:node_modules/modbus-serial/node_modules/@serialport/parser-regex Completed in 0ms
115 timing idealTree:node_modules/modbus-serial/node_modules/@serialport/parser-slip-encoder Completed in 0ms
116 timing idealTree:node_modules/modbus-serial/node_modules/@serialport/parser-spacepacket Completed in 0ms
117 timing idealTree:node_modules/modbus-serial/node_modules/@serialport/stream Completed in 0ms
118 timing idealTree:node_modules/modbus-serial/node_modules/node-addon-api Completed in 0ms
119 timing idealTree:node_modules/modbus-serial/node_modules/node-gyp-build Completed in 0ms
120 timing idealTree:buildDeps Completed in 70ms
121 timing idealTree:fixDepFlags Completed in 0ms
122 timing idealTree Completed in 77ms
123 timing reify:loadTrees Completed in 78ms
124 timing reify:diffTrees Completed in 1ms
125 silly reify moves {}
126 timing reify:retireShallow Completed in 1ms
127 timing reify:createSparse Completed in 2ms
128 timing reify:loadBundles Completed in 0ms
129 timing reifyNode:node_modules/modbus-serial/node_modules/ms Completed in 35ms
130 timing reifyNode:node_modules/modbus-serial/node_modules/@serialport/parser-regex Completed in 36ms
131 timing reifyNode:node_modules/modbus-serial/node_modules/@serialport/parser-ready Completed in 36ms
132 timing reifyNode:node_modules/modbus-serial/node_modules/@serialport/parser-packet-length Completed in 36ms
133 timing reifyNode:node_modules/modbus-serial/node_modules/@serialport/parser-readline Completed in 36ms
134 timing reifyNode:node_modules/modbus-serial/node_modules/@serialport/parser-inter-byte-timeout Completed in 36ms
135 timing reifyNode:node_modules/modbus-serial/node_modules/@serialport/parser-delimiter Completed in 36ms
136 timing reifyNode:node_modules/modbus-serial/node_modules/@serialport/parser-cctalk Completed in 36ms
137 timing reifyNode:node_modules/modbus-serial/node_modules/@serialport/parser-byte-length Completed in 36ms
138 timing reifyNode:node_modules/modbus-serial/node_modules/node-gyp-build Completed in 38ms
139 timing reifyNode:node_modules/modbus-serial/node_modules/@serialport/bindings-interface Completed in 37ms
140 timing reifyNode:node_modules/modbus-serial/node_modules/@serialport/parser-spacepacket Completed in 37ms
141 timing reifyNode:node_modules/modbus-serial/node_modules/@serialport/binding-mock Completed in 37ms
142 timing reifyNode:node_modules/modbus-serial/node_modules/@serialport/stream Completed in 37ms
143 timing reifyNode:node_modules/modbus-serial/node_modules/@serialport/parser-slip-encoder Completed in 37ms
144 timing reifyNode:node_modules/modbus-serial/node_modules/debug Completed in 38ms
145 timing reifyNode:node_modules/modbus-serial/node_modules/serialport Completed in 38ms
146 timing reifyNode:node_modules/modbus-serial/node_modules/node-addon-api Completed in 41ms
147 timing reifyNode:node_modules/modbus-serial Completed in 48ms
148 timing reifyNode:node_modules/modbus-serial/node_modules/@serialport/bindings-cpp Completed in 50ms
149 timing reify:unpack Completed in 51ms
150 timing reify:unretire Completed in 0ms
151 timing build:queue Completed in 1ms
152 timing build:link:node_modules/modbus-serial/node_modules/node-gyp-build Completed in 2ms
153 timing build:link Completed in 2ms
154 info run @serialport/bindings-cpp@10.8.0 install node_modules/modbus-serial/node_modules/@serialport/bindings-cpp node-gyp-build
155 info run @serialport/bindings-cpp@10.8.0 install { code: 0, signal: null }
156 timing build:run:install:node_modules/modbus-serial/node_modules/@serialport/bindings-cpp Completed in 41ms
157 timing build:run:install Completed in 41ms
158 timing build:deps Completed in 44ms
159 timing build Completed in 44ms
160 timing reify:build Completed in 45ms
161 timing reify:trash Completed in 0ms
162 timing reify Completed in 182ms
163 silly ADD node_modules/modbus-serial
164 silly ADD node_modules/modbus-serial/node_modules/node-gyp-build
165 silly ADD node_modules/modbus-serial/node_modules/node-addon-api
166 silly ADD node_modules/modbus-serial/node_modules/@serialport/bindings-interface
167 silly ADD node_modules/modbus-serial/node_modules/@serialport/stream
168 silly ADD node_modules/modbus-serial/node_modules/@serialport/parser-spacepacket
169 silly ADD node_modules/modbus-serial/node_modules/@serialport/parser-slip-encoder
170 silly ADD node_modules/modbus-serial/node_modules/@serialport/parser-regex
171 silly ADD node_modules/modbus-serial/node_modules/@serialport/parser-ready
172 silly ADD node_modules/modbus-serial/node_modules/@serialport/parser-readline
173 silly ADD node_modules/modbus-serial/node_modules/@serialport/parser-packet-length
174 silly ADD node_modules/modbus-serial/node_modules/@serialport/parser-inter-byte-timeout
175 silly ADD node_modules/modbus-serial/node_modules/@serialport/parser-delimiter
176 silly ADD node_modules/modbus-serial/node_modules/@serialport/parser-cctalk
177 silly ADD node_modules/modbus-serial/node_modules/@serialport/parser-byte-length
178 silly ADD node_modules/modbus-serial/node_modules/@serialport/bindings-cpp
179 silly ADD node_modules/modbus-serial/node_modules/@serialport/binding-mock
180 silly ADD node_modules/modbus-serial/node_modules/ms
181 silly ADD node_modules/modbus-serial/node_modules/serialport
182 silly ADD node_modules/modbus-serial/node_modules/debug
183 timing command:i Completed in 185ms
184 verbose exit 0
185 timing npm Completed in 273ms
186 info ok
